Running on host node46-002
Time is Sun Dec 18 03:33:11 GMT 2016
Directory is /panfs/panasas01/cosc/dc14770/CW3
PBS job ID is 5280448.master.cm.cluster
This jobs runs on the following machines:
node46-002
Using GPU at index 1
Main function entered
Initialising data structures and loading values from file

Available OpenCL devices:
 0: Tesla K20m
 1: Tesla K20m

Selected OpenCL device:
-> Tesla K20m (index=1)

Creating program with source
Creating kernels
128 work group(s) of size of 128.
96.90 percent of the input grid is not obstacles.
Finished initialisation, now computing timesteps.
==done==
Reynolds number:		9.754215240479E+00
Elapsed time:			3.243667 (s)
Elapsed user CPU time:		4.021388 (s)
Elapsed system CPU time:	0.446932 (s)
