Running on host node47-002
Time is Sun Dec 18 22:01:28 GMT 2016
Directory is /panfs/panasas01/cosc/dc14770/CW3
PBS job ID is 5283420.master.cm.cluster
This jobs runs on the following machines:
node47-002
Using GPU at index 0
Main function entered
Initialising data structures and loading values from file

Available OpenCL devices:
 0: Tesla K20m
 1: Tesla K20m

Selected OpenCL device:
-> Tesla K20m (index=0)

Creating program with source
Creating kernels
256 work group(s) of size of 256.
50.36 percent of the input grid is not obstacles.
Finished initialisation, now computing timesteps.
==done==
Reynolds number:		3.737881546840E-03
Elapsed time:			17.072359 (s)
Elapsed user CPU time:		15.776601 (s)
Elapsed system CPU time:	2.478623 (s)
